<?xml version="1.0" encoding="UTF-8"?>
<!-- Generated by org.testng.reporters.JUnitXMLReporter -->
<testsuite ignored="0" hostname="DESKTOP-GAS0527" failures="0" tests="2" name="Error Validations Test" time="39.96" errors="0" timestamp="2024-09-10T00:45:52 CST">
  <testcase classname="rahulshettyacademy.tests.ErrorValidationsTest" name="LoginErrorValidation" time="0.942"/>
  <testcase classname="rahulshettyacademy.tests.ErrorValidationsTest" name="ProductErrorValidation" time="25.319"/>
</testsuite> <!-- Error Validations Test -->
