<?xml version="1.0" encoding="UTF-8"?>
<!-- Generated by org.testng.reporters.JUnitXMLReporter -->
<testsuite ignored="1" hostname="DESKTOP-GAS0527" failures="1" tests="1" name="Submit Order" time="0.065" errors="0" timestamp="2024-08-16T23:10:28 CST">
  <testcase classname="rahulshettyacademy.tests.SubmitOrderTest" name="submitOrder" time="0.0">
    <failure type="java.lang.RuntimeException" message="java.nio.file.NoSuchFileException: C:\Users\ortiz\eclipse-workspace\SeleniumFrameworkDesignsrc\test\java\rahulshettyacademy\data\PurchaseOrder.json">
      <![CDATA[java.lang.RuntimeException: java.nio.file.NoSuchFileException: C:\Users\ortiz\eclipse-workspace\SeleniumFrameworkDesignsrc\test\java\rahulshettyacademy\data\PurchaseOrder.json
at java.base/java.util.ArrayList.forEach(ArrayList.java:1596)
at java.base/java.util.concurrent.FutureTask.run(FutureTask.java:317)
at java.base/java.util.concurrent.ThreadPoolExecutor.runWorker(ThreadPoolExecutor.java:1144)
at java.base/java.util.concurrent.ThreadPoolExecutor$Worker.run(ThreadPoolExecutor.java:642)
at java.base/java.lang.Thread.run(Thread.java:1583)
Caused by: java.nio.file.NoSuchFileException: C:\Users\ortiz\eclipse-workspace\SeleniumFrameworkDesignsrc\test\java\rahulshettyacademy\data\PurchaseOrder.json
at java.base/sun.nio.fs.WindowsException.translateToIOException(WindowsException.java:85)
at java.base/sun.nio.fs.WindowsException.rethrowAsIOException(WindowsException.java:103)
at java.base/sun.nio.fs.WindowsException.rethrowAsIOException(WindowsException.java:108)
at java.base/sun.nio.fs.WindowsFileSystemProvider.newByteChannel(WindowsFileSystemProvider.java:234)
at java.base/java.nio.file.Files.newByteChannel(Files.java:379)
at java.base/java.nio.file.Files.newByteChannel(Files.java:431)
at java.base/java.nio.file.spi.FileSystemProvider.newInputStream(FileSystemProvider.java:420)
at java.base/java.nio.file.Files.newInputStream(Files.java:159)
at org.apache.commons.io.FileUtils.lambda$readFileToString$12(FileUtils.java:2686)
at org.apache.commons.io.IOUtils.toString(IOUtils.java:3221)
at org.apache.commons.io.IOUtils.toString(IOUtils.java:3196)
at org.apache.commons.io.FileUtils.readFileToString(FileUtils.java:2686)
at rahulshettyacademy.TestComponents.BaseTest.getJsonDatatoMap(BaseTest.java:57)
at rahulshettyacademy.tests.SubmitOrderTest.getData(SubmitOrderTest.java:69)
... 19 more
... Removed 20 stack frames]]>
    </failure>
  </testcase> <!-- submitOrder -->
  <testcase classname="rahulshettyacademy.tests.SubmitOrderTest" name="OrderHistoryTest" time="0.0">
    <ignored/>
  </testcase> <!-- OrderHistoryTest -->
</testsuite> <!-- Submit Order -->
